<?xml version="1.0" encoding="UTF-8"?>
<testsuite name="fun.mouyang.OpenapiDemoApplicationTests" tests="1" skipped="0" failures="0" errors="0" timestamp="2023-06-19T11:12:38" hostname="JVMV46DGV2" time="0.982">
  <properties/>
  <testcase name="contextLoads()" classname="fun.mouyang.OpenapiDemoApplicationTests" time="0.982"/>
  <system-out><![CDATA[19:12:34.182 [Test worker] INFO org.springframework.test.context.support.AnnotationConfigContextLoaderUtils -- Could not detect default configuration classes for test class [fun.mouyang.OpenapiDemoApplicationTests]: OpenapiDemoApplicationTests does not declare any static, non-private, non-final, nested classes annotated with @Configuration.
19:12:34.341 [Test worker] INFO org.springframework.boot.test.context.SpringBootTestContextBootstrapper -- Found @SpringBootConfiguration fun.mouyang.OpenapiDemoApplication for test class fun.mouyang.OpenapiDemoApplicationTests

  .   ____          _            __ _ _
 /\\ / ___'_ __ _ _(_)_ __  __ _ \ \ \ \
( ( )\___ | '_ | '_| | '_ \/ _` | \ \ \ \
 \\/  ___)| |_)| | | | | || (_| |  ) ) ) )
  '  |____| .__|_| |_|_| |_\__, | / / / /
 =========|_|==============|___/=/_/_/_/
 :: Spring Boot ::                (v3.1.0)

2023-06-19T19:12:34.983+08:00  INFO 33993 --- [    Test worker] f.mouyang.OpenapiDemoApplicationTests    : Starting OpenapiDemoApplicationTests using Java 17.0.7 with PID 33993 (started by mouyang in /Users/mouyang/Desktop/rest-and-graphql)
2023-06-19T19:12:34.986+08:00  INFO 33993 --- [    Test worker] f.mouyang.OpenapiDemoApplicationTests    : No active profile set, falling back to 1 default profile: "default"
2023-06-19T19:12:38.071+08:00  INFO 33993 --- [    Test worker] efaultSchemaResourceGraphQlSourceBuilder : Loaded 3 resource(s) in the GraphQL schema.
2023-06-19T19:12:38.447+08:00  INFO 33993 --- [    Test worker] s.b.a.g.s.GraphQlWebMvcAutoConfiguration : GraphQL endpoint HTTP POST /graphql
2023-06-19T19:12:38.738+08:00  INFO 33993 --- [    Test worker] f.mouyang.OpenapiDemoApplicationTests    : Started OpenapiDemoApplicationTests in 4.207 seconds (process running for 5.862)
]]></system-out>
  <system-err><![CDATA[]]></system-err>
</testsuite>
